#
# There is insufficient memory for the Java Runtime Environment to continue.
# Native memory allocation (mmap) failed to map 134217728 bytes for Failed to commit area from 0x0000000081a00000 to 0x0000000089a00000 of length 134217728.
# Possible reasons:
#   The system is out of physical RAM or swap space
#   The process is running with CompressedOops enabled, and the Java Heap may be blocking the growth of the native heap
# Possible solutions:
#   Reduce memory load on the system
#   Increase physical memory or swap space
#   Check if swap backing store is full
#   Decrease Java heap size (-Xmx/-Xms)
#   Decrease number of Java threads
#   Decrease Java thread stack sizes (-Xss)
#   Set larger code cache with -XX:ReservedCodeCacheSize=
# This output file may be truncated or incomplete.
#
#  Out of Memory Error (./src/hotspot/os/windows/os_windows.cpp:3521), pid=8220, tid=5660
#
# JRE version:  (11.0.12+7) (build )
# Java VM: OpenJDK 64-Bit Server VM (11.0.12+7-b1504.28, mixed mode, sharing, tiered, compressed oops, g1 gc, windows-amd64)
# No core dump will be written. Minidumps are not enabled by default on client versions of Windows
#

---------------  S U M M A R Y ------------

Command Line: git4idea.http.GitAskPassApp Username for 'https://github.com': 

Host: Intel(R) Core(TM) i7-3610QM CPU @ 2.30GHz, 8 cores, 7G,  Windows 10 , 64 bit Build 17763 (10.0.17763.2452)
Time: Tue Feb 15 17:31:19 2022 W. Central Africa Standard Time elapsed time: 0.055124 seconds (0d 0h 0m 0s)

---------------  T H R E A D  ---------------

Current thread (0x00000294b405d800):  JavaThread "Unknown thread" [_thread_in_vm, id=5660, stack(0x000000de5a300000,0x000000de5a400000)]

Stack: [0x000000de5a300000,0x000000de5a400000]
Native frames: (J=compiled Java code, j=interpreted, Vv=VM code, C=native code)
V  [jvm.dll+0x5ff40a]
V  [jvm.dll+0x783b65]
V  [jvm.dll+0x78517d]
V  [jvm.dll+0x785833]
V  [jvm.dll+0x249408]
V  [jvm.dll+0x5fc7f4]
V  [jvm.dll+0x5f13c5]
V  [jvm.dll+0x3076bb]
V  [jvm.dll+0x30762a]
V  [jvm.dll+0x307502]
V  [jvm.dll+0x30c466]
V  [jvm.dll+0x355543]
V  [jvm.dll+0x355c46]
V  [jvm.dll+0x355643]
V  [jvm.dll+0x2e2018]
V  [jvm.dll+0x2e31c7]
V  [jvm.dll+0x761f57]
V  [jvm.dll+0x76374c]
V  [jvm.dll+0x362ab9]
V  [jvm.dll+0x7455be]
V  [jvm.dll+0x3cb673]
V  [jvm.dll+0x3cda21]
C  [jli.dll+0x536b]
C  [ucrtbase.dll+0x2268a]
C  [KERNEL32.DLL+0x17974]
C  [ntdll.dll+0x5a2f1]


---------------  P R O C E S S  ---------------

Threads class SMR info:
_java_thread_list=0x00000294b3ed7fc0, length=0, elements={
}

Java Threads: ( => current thread )

Other Threads:
  0x00000294b4076800 GCTaskThread "GC Thread#0" [stack: 0x000000de5a400000,0x000000de5a500000] [id=3320]
  0x00000294b40a9000 ConcurrentGCThread "G1 Main Marker" [stack: 0x000000de5a500000,0x000000de5a600000] [id=916]
  0x00000294b40ab000 ConcurrentGCThread "G1 Conc#0" [stack: 0x000000de5a600000,0x000000de5a700000] [id=1948]

[error occurred during error reporting (printing all threads), id 0xc0000005, EXCEPTION_ACCESS_VIOLATION (0xc0000005) at pc=0x00007ff86e2127a7]

VM state:not at safepoint (not fully initialized)

VM Mutex/Monitor currently owned by a thread:  ([mutex/lock_event])
[0x00000294b405c7e0] Heap_lock - owner thread: 0x00000294b405d800

Heap address: 0x0000000081a00000, size: 2022 MB, Compressed Oops mode: Non-zero based: 0x0000000081a00000
Narrow klass base: 0x0000000000000000, Narrow klass shift: 0

GC Heap History (0 events):
No events

Deoptimization events (0 events):
No events

Classes redefined (0 events):
No events

Internal exceptions (0 events):
No events

Events (1 events):
Event: 0.006 Loaded shared library C:\Program Files\JetBrains\PyCharm Community Edition 2021.2.2\jbr\bin\zip.dll


Dynamic libraries:
0x00007ff721ce0000 - 0x00007ff721cea000 	C:\Program Files\JetBrains\PyCharm Community Edition 2021.2.2\jbr\bin\java.exe
0x00007ff8ad160000 - 0x00007ff8ad34d000 	C:\windows\SYSTEM32\ntdll.dll
0x00007ff8ac7e0000 - 0x00007ff8ac894000 	C:\windows\System32\KERNEL32.DLL
0x00007ff8a9f20000 - 0x00007ff8aa1b4000 	C:\windows\System32\KERNELBASE.dll
0x00007ff8a9530000 - 0x00007ff8a962a000 	C:\windows\System32\ucrtbase.dll
0x00007ff859ad0000 - 0x00007ff859ae7000 	C:\Program Files\JetBrains\PyCharm Community Edition 2021.2.2\jbr\bin\VCRUNTIME140.dll
0x00007ff859ab0000 - 0x00007ff859ac9000 	C:\Program Files\JetBrains\PyCharm Community Edition 2021.2.2\jbr\bin\jli.dll
0x00007ff8aa580000 - 0x00007ff8aa717000 	C:\windows\System32\USER32.dll
0x00007ff8a9310000 - 0x00007ff8a9330000 	C:\windows\System32\win32u.dll
0x00007ff8965b0000 - 0x00007ff896829000 	C:\windows\WinSxS\amd64_microsoft.windows.common-controls_6595b64144ccf1df_6.0.17763.2565_none_de7373805349545e\COMCTL32.dll
0x00007ff8aac60000 - 0x00007ff8aac89000 	C:\windows\System32\GDI32.dll
0x00007ff8aca50000 - 0x00007ff8acaee000 	C:\windows\System32\msvcrt.dll
0x00007ff8a9d80000 - 0x00007ff8a9f1c000 	C:\windows\System32\gdi32full.dll
0x00007ff8aa2c0000 - 0x00007ff8aa360000 	C:\windows\System32\msvcp_win.dll
0x00007ff8aa930000 - 0x00007ff8aac5d000 	C:\windows\System32\combase.dll
0x00007ff8aa460000 - 0x00007ff8aa57d000 	C:\windows\System32\RPCRT4.dll
0x00007ff8a9260000 - 0x00007ff8a92e2000 	C:\windows\System32\bcryptPrimitives.dll
0x00007ff8aa720000 - 0x00007ff8aa74e000 	C:\windows\System32\IMM32.DLL
0x00007ff859a10000 - 0x00007ff859aad000 	C:\Program Files\JetBrains\PyCharm Community Edition 2021.2.2\jbr\bin\msvcp140.dll
0x00007ff86df20000 - 0x00007ff86ea78000 	C:\Program Files\JetBrains\PyCharm Community Edition 2021.2.2\jbr\bin\server\jvm.dll
0x00007ff8acb50000 - 0x00007ff8acbf7000 	C:\windows\System32\ADVAPI32.dll
0x00007ff8ac680000 - 0x00007ff8ac71f000 	C:\windows\System32\sechost.dll
0x00007ff8aac90000 - 0x00007ff8aac98000 	C:\windows\System32\PSAPI.DLL
0x00007ff8a6af0000 - 0x00007ff8a6b14000 	C:\windows\SYSTEM32\WINMM.dll
0x00007ff89d9d0000 - 0x00007ff89d9d9000 	C:\windows\SYSTEM32\WSOCK32.dll
0x00007ff89ea00000 - 0x00007ff89ea0a000 	C:\windows\SYSTEM32\VERSION.dll
0x00007ff8ac450000 - 0x00007ff8ac4bd000 	C:\windows\System32\WS2_32.dll
0x00007ff8a6ac0000 - 0x00007ff8a6aed000 	C:\windows\SYSTEM32\winmmbase.dll
0x00007ff8aa270000 - 0x00007ff8aa2ba000 	C:\windows\System32\cfgmgr32.dll
0x00007ff8a9140000 - 0x00007ff8a9151000 	C:\windows\System32\kernel.appcore.dll
0x00007ff89f010000 - 0x00007ff89f021000 	C:\Program Files\JetBrains\PyCharm Community Edition 2021.2.2\jbr\bin\verify.dll
0x00007ff89de60000 - 0x00007ff89e04d000 	C:\windows\SYSTEM32\DBGHELP.DLL
0x00007ff894610000 - 0x00007ff89463a000 	C:\windows\SYSTEM32\dbgcore.DLL
0x00007ff898fa0000 - 0x00007ff898fc9000 	C:\Program Files\JetBrains\PyCharm Community Edition 2021.2.2\jbr\bin\java.dll
0x00007ff8a1ee0000 - 0x00007ff8a1eeb000 	C:\Program Files\JetBrains\PyCharm Community Edition 2021.2.2\jbr\bin\jimage.dll
0x00007ff898f80000 - 0x00007ff898f98000 	C:\Program Files\JetBrains\PyCharm Community Edition 2021.2.2\jbr\bin\zip.dll

dbghelp: loaded successfully - version: 4.0.5 - missing functions: none
symbol engine: initialized successfully - sym options: 0x614 - pdb path: .;C:\Program Files\JetBrains\PyCharm Community Edition 2021.2.2\jbr\bin;C:\windows\SYSTEM32;C:\windows\WinSxS\amd64_microsoft.windows.common-controls_6595b64144ccf1df_6.0.17763.2565_none_de7373805349545e;C:\Program Files\JetBrains\PyCharm Community Edition 2021.2.2\jbr\bin\server

VM Arguments:
java_command: git4idea.http.GitAskPassApp Username for 'https://github.com': 
java_class_path (initial): C:/Program Files/JetBrains/PyCharm Community Edition 2021.2.2/plugins/git4idea/lib/git4idea-rt.jar;C:/Program Files/JetBrains/PyCharm Community Edition 2021.2.2/lib/3rd-party.jar
Launcher Type: SUN_STANDARD

[Global flags]
     intx CICompilerCount                          = 4                                         {product} {ergonomic}
     uint ConcGCThreads                            = 2                                         {product} {ergonomic}
     uint G1ConcRefinementThreads                  = 8                                         {product} {ergonomic}
   size_t G1HeapRegionSize                         = 1048576                                   {product} {ergonomic}
    uintx GCDrainStackTargetSize                   = 64                                        {product} {ergonomic}
   size_t InitialHeapSize                          = 134217728                                 {product} {ergonomic}
   size_t MarkStackSize                            = 4194304                                   {product} {ergonomic}
   size_t MaxHeapSize                              = 2120220672                                {product} {ergonomic}
   size_t MinHeapDeltaBytes                        = 1048576                                   {product} {ergonomic}
    uintx NonNMethodCodeHeapSize                   = 5836300                                {pd product} {ergonomic}
    uintx NonProfiledCodeHeapSize                  = 122910970                              {pd product} {ergonomic}
    uintx ProfiledCodeHeapSize                     = 122910970                              {pd product} {ergonomic}
    uintx ReservedCodeCacheSize                    = 251658240                              {pd product} {ergonomic}
     bool SegmentedCodeCache                       = true                                      {product} {ergonomic}
     bool UseCompressedClassPointers               = true                                 {lp64_product} {ergonomic}
     bool UseCompressedOops                        = true                                 {lp64_product} {ergonomic}
     bool UseG1GC                                  = true                                      {product} {ergonomic}
     bool UseLargePagesIndividualAllocation        = false                                  {pd product} {ergonomic}

Logging:
Log output configuration:
 #0: stdout all=warning uptime,level,tags
 #1: stderr all=off uptime,level,tags

Environment Variables:
PATH=C:\Program Files\Git\mingw64\libexec\git-core;C:\Program Files\Git\mingw64\libexec\git-core;C:\Program Files\Git\mingw64\bin;C:\Program Files\Git\usr\bin;C:\Users\Professional\bin;C:\Users\Professional\Desktop\workame\venv\Scripts;C:\Program Files (x86)\Common Files\Oracle\Java\javapath;C:\windows\system32;C:\windows;C:\windows\System32\Wbem;C:\windows\System32\WindowsPowerShell\v1.0;C:\windows\System32\OpenSSH;C:\Program Files\Git\cmd;C:\Program Files\dotnet;C:\Users\Professional\AppData\Local\Programs\Python\Python38-32\Scripts;C:\Users\Professional\AppData\Local\Programs\Python\Python38-32;C:\Users\Professional\AppData\Local\activestate\cache\bin;C:\Users\Professional\AppData\Local\ActiveState\StateTool\release;C:\Users\Professional\AppData\Local\Programs\Python\Python39\Scripts;C:\Users\Professional\AppData\Local\Programs\Python\Python39;C:\Users\Professional\AppData\Local\Programs\Python\Python310\Scripts;C:\Users\Professional\AppData\Local\Programs\Python\Python310;C:\Users\Professional\AppData\Local\Microsoft\WindowsApps;C:\Program Files\JetBrains\PyCharm Community Edition 2021.2.2\bin;C:\Program Files\heroku\bin;C:\Program Files\Git\usr\bin;C:\flutter\bin;C:\Program Files\Redis;C:\Users\Professional\AppData\Local\Programs\Microsoft VS Code\bin
USERNAME=Professional
DISPLAY=:0.0
LC_ALL=en_US.UTF-8
OS=Windows_NT
PROCESSOR_IDENTIFIER=Intel64 Family 6 Model 58 Stepping 9, GenuineIntel



---------------  S Y S T E M  ---------------

OS: Windows 10 , 64 bit Build 17763 (10.0.17763.2452)
OS uptime: 1 days 4:33 hours

CPU:total 8 (initial active 8) (4 cores per cpu, 2 threads per core) family 6 model 58 stepping 9 microcode 0x21, cmov, cx8, fxsr, mmx, sse, sse2, sse3, ssse3, sse4.1, sse4.2, popcnt, avx, aes, clmul, erms, ht, tsc, tscinvbit, tscinv

Memory: 4k page, system-wide physical 8081M (1647M free)
TotalPageFile size 11893M (AvailPageFile size 105M)
current process WorkingSet (physical memory assigned to process): 9M, peak: 9M
current process commit charge ("private bytes"): 60M, peak: 188M

vm_info: OpenJDK 64-Bit Server VM (11.0.12+7-b1504.28) for windows-amd64 JRE (11.0.12+7-b1504.28), built on Sep  3 2021 08:39:15 by "" with MS VC++ 14.0 (VS2015)

END.
